d:\pokemon\proj.win32\debug.win32\vc120.pdb
d:\pokemon\proj.win32\debug.win32\vc120.idb
d:\pokemon\proj.win32\debug.win32\sha1.obj
d:\pokemon\proj.win32\debug.win32\pokemondetails.obj
d:\pokemon\proj.win32\debug.win32\battlescene.obj
d:\pokemon\proj.win32\debug.win32\fightingpokemonlayer.obj
d:\pokemon\proj.win32\debug.win32\clientnetwork.obj
d:\pokemon\proj.win32\debug.win32\pokemon.ilk
d:\pokemon\proj.win32\debug.win32\pokemon.exe
d:\pokemon\proj.win32\debug.win32\pokemon.pdb
d:\pokemon\proj.win32\debug.win32\pokemon.lib
d:\pokemon\proj.win32\debug.win32\pokemon.exp
d:\pokemon\proj.win32\pokemon.cab
d:\pokemon\proj.win32\debug.win32\game.res
d:\pokemon\proj.win32\debug.win32\appdelegate.obj
d:\pokemon\proj.win32\debug.win32\floatlabel.obj
d:\pokemon\proj.win32\debug.win32\helloworldscene.obj
d:\pokemon\proj.win32\debug.win32\main.obj
d:\pokemon\proj.win32\debug.win32\pokemon.obj
d:\pokemon\proj.win32\debug.win32\poplayer.obj
d:\pokemon\proj.win32\debug.win32\registerlayer.obj
d:\pokemon\proj.win32\debug.win32\room.obj
d:\pokemon\proj.win32\debug.win32\roomlist.obj
d:\pokemon\proj.win32\debug.win32\selectailayer.obj
d:\pokemon\proj.win32\debug.win32\pokemon.tlog\cl.command.1.tlog
d:\pokemon\proj.win32\debug.win32\pokemon.tlog\cl.read.1.tlog
d:\pokemon\proj.win32\debug.win32\pokemon.tlog\cl.write.1.tlog
d:\pokemon\proj.win32\debug.win32\pokemon.tlog\link.command.1.tlog
d:\pokemon\proj.win32\debug.win32\pokemon.tlog\link.read.1.tlog
d:\pokemon\proj.win32\debug.win32\pokemon.tlog\link.write.1.tlog
d:\pokemon\proj.win32\debug.win32\pokemon.tlog\pokemon.write.1u.tlog
d:\pokemon\proj.win32\debug.win32\pokemon.tlog\rc.command.1.tlog
d:\pokemon\proj.win32\debug.win32\pokemon.tlog\rc.read.1.tlog
d:\pokemon\proj.win32\debug.win32\pokemon.tlog\rc.write.1.tlog
